<?xml version="1.0" encoding="UTF-8"?>
<!-- Generated by org.testng.reporters.JUnitReportReporter -->
<testsuite skipped="0" hostname="KOWSALYA" name="com.testng.Priority_Test" tests="4" failures="0" timestamp="2022-02-17T12:39:22 IST" time="0.011" errors="0">
  <testcase name="setProperty" time="0.007" classname="com.testng.Priority_Test"/>
  <system-out/>
  <testcase name="getBrowser" time="0.002" classname="com.testng.Priority_Test"/>
  <system-out/>
  <testcase name="LaunchUrl" time="0.001" classname="com.testng.Priority_Test"/>
  <system-out/>
  <testcase name="signIn" time="0.001" classname="com.testng.Priority_Test"/>
  <system-out/>
</testsuite> <!-- com.testng.Priority_Test -->
