<?xml version="1.0" encoding="UTF-8"?>
<!-- Generated by org.testng.reporters.JUnitReportReporter -->
<testsuite skipped="0" hostname="KOWSALYA" name="com.testng.TimeOut_Exception" tests="1" failures="0" timestamp="2022-02-17T13:00:31 IST" time="6.536" errors="0">
  <testcase name="logIn" time="6.536" classname="com.testng.TimeOut_Exception"/>
  <system-out/>
</testsuite> <!-- com.testng.TimeOut_Exception -->
