<?xml version="1.0" encoding="UTF-8"?>
<!-- Generated by org.testng.reporters.JUnitReportReporter -->
<testsuite skipped="0" hostname="KOWSALYA" name="com.testng.Invocation_Count" tests="5" failures="0" timestamp="2022-02-17T13:46:50 IST" time="0.009" errors="0">
  <testcase name="setProperty" time="0.006" classname="com.testng.Invocation_Count"/>
  <system-out/>
  <testcase name="browserLaunch" time="0.001" classname="com.testng.Invocation_Count"/>
  <system-out/>
  <testcase name="refresh" time="0.001" classname="com.testng.Invocation_Count"/>
  <system-out/>
  <testcase name="refresh" time="0.001" classname="com.testng.Invocation_Count"/>
  <system-out/>
  <testcase name="refresh" time="0.000" classname="com.testng.Invocation_Count"/>
  <system-out/>
</testsuite> <!-- com.testng.Invocation_Count -->
