<?xml version="1.0" encoding="UTF-8"?>
<!-- Generated by org.testng.reporters.JUnitReportReporter -->
<testsuite skipped="1" hostname="KOWSALYA" name="com.testng.Ignore_Test" tests="3" failures="0" timestamp="2022-02-17T13:33:18 IST" time="0.006" errors="0">
  <testcase name="Dressess" time="0.005" classname="com.testng.Ignore_Test"/>
  <system-out/>
  <testcase name="tShirt" time="0.001" classname="com.testng.Ignore_Test"/>
  <system-out/>
  <testcase name="men" classname="com.testng.Ignore_Test">
    <skipped/>
  </testcase> <!-- men -->
  <system-out/>
</testsuite> <!-- com.testng.Ignore_Test -->
