<?xml version="1.0" encoding="UTF-8"?>
<!-- Generated by org.testng.reporters.JUnitReportReporter -->
<testsuite skipped="0" hostname="KOWSALYA" name="com.testng.Parameterized_Test" tests="1" failures="0" timestamp="2022-02-19T13:12:33 IST" time="0.007" errors="0">
  <testcase name="creadentials" time="0.007" classname="com.testng.Parameterized_Test"/>
  <system-out/>
</testsuite> <!-- com.testng.Parameterized_Test -->
