<?xml version="1.0" encoding="UTF-8"?>
<!-- Generated by org.testng.reporters.JUnitReportReporter -->
<testsuite name="com.testng.Simple_Annotations" tests="3" time="0.006" ignored="0" failures="0" timestamp="15 Feb 2022 09:19:40 GMT" skipped="0" hostname="KOWSALYA" errors="0">
  <testcase name="women" time="0.000" classname="com.testng.Simple_Annotations"/>
  <testcase name="dressess" time="0.005" classname="com.testng.Simple_Annotations"/>
  <testcase name="tshirt" time="0.001" classname="com.testng.Simple_Annotations"/>
</testsuite> <!-- com.testng.Simple_Annotations -->
