<?xml version="1.0" encoding="UTF-8"?>
<!-- Generated by org.testng.reporters.JUnitReportReporter -->
<testsuite skipped="0" hostname="KOWSALYA" name="com.testng.Grouping" tests="4" failures="0" timestamp="2022-02-18T13:43:58 IST" time="0.007" errors="0">
  <testcase name="dressess" time="0.006" classname="com.testng.Grouping"/>
  <system-out/>
  <testcase name="spotify" time="0.000" classname="com.testng.Grouping"/>
  <system-out/>
  <testcase name="tshirt" time="0.001" classname="com.testng.Grouping"/>
  <system-out/>
  <testcase name="wynk" time="0.000" classname="com.testng.Grouping"/>
  <system-out/>
</testsuite> <!-- com.testng.Grouping -->
