<?xml version="1.0" encoding="UTF-8"?>
<!-- Generated by org.testng.reporters.JUnitReportReporter -->
<testsuite skipped="0" hostname="KOWSALYA" name="com.testng.Expected_Exception" tests="1" failures="0" timestamp="2022-02-17T13:26:20 IST" time="0.014" errors="0">
  <testcase name="Demo" time="0.014" classname="com.testng.Expected_Exception"/>
  <system-out/>
</testsuite> <!-- com.testng.Expected_Exception -->
