<?xml version="1.0" encoding="UTF-8"?>
<!-- Generated by org.testng.reporters.JUnitReportReporter -->
<testsuite skipped="0" hostname="KOWSALYA" name="com.testng.Data_Provider" tests="3" failures="0" timestamp="2022-02-19T13:30:55 IST" time="0.009" errors="0">
  <testcase name="creadentials" time="0.002" classname="com.testng.Data_Provider"/>
  <system-out/>
  <testcase name="creadentials" time="0.001" classname="com.testng.Data_Provider"/>
  <system-out/>
  <testcase name="creadentials" time="0.006" classname="com.testng.Data_Provider"/>
  <system-out/>
</testsuite> <!-- com.testng.Data_Provider -->
